{
  "stats": {
    "suites": 1,
    "tests": 2,
    "passes": 2,
    "pending": 0,
    "failures": 0,
    "start": "2023-03-05T13:37:19.569Z",
    "end": "2023-03-05T13:37:33.644Z",
    "duration": 14075,
    "testsRegistered": 2,
    "passPercent": 100,
    "pendingPercent": 0,
    "other": 0,
    "hasOther": false,
    "skipped": 0,
    "hasSkipped": false
  },
  "results": [
    {
      "uuid": "2dba63e9-4eff-4411-8b04-3629f9b94cbf",
      "title": "",
      "fullFile": "cypress/e2e/Projects/basics/15-HTMLReports.cy.js",
      "file": "cypress/e2e/Projects/basics/15-HTMLReports.cy.js",
      "beforeHooks": [],
      "afterHooks": [],
      "tests": [],
      "suites": [
        {
          "uuid": "fa62b173-c1c5-4b5b-afc6-ccb5d04b333d",
          "title": "Test for HTML Report",
          "fullFile": "",
          "file": "",
          "beforeHooks": [],
          "afterHooks": [],
          "tests": [
            {
              "title": "selecting search bar",
              "fullTitle": "Test for HTML Report selecting search bar",
              "timedOut": null,
              "duration": 312,
              "state": "passed",
              "speed": "fast",
              "pass": true,
              "fail": false,
              "pending": false,
              "context": null,
              "code": "cy.log('*********Selecting search bar*********');",
              "err": {},
              "uuid": "93d9e1c3-7fcd-40e9-97f3-805729d6ef53",
              "parentUUID": "fa62b173-c1c5-4b5b-afc6-ccb5d04b333d",
              "isHook": false,
              "skipped": false
            },
            {
              "title": "approch 1",
              "fullTitle": "Test for HTML Report approch 1",
              "timedOut": null,
              "duration": 6995,
              "state": "passed",
              "speed": "medium",
              "pass": true,
              "fail": false,
              "pending": false,
              "context": null,
              "code": "cy.visit('https://the-internet.herokuapp.com/iframe');\nconst iframe = cy.get('#mce_0_ifr').its('0.contentDocument.body').should('be.visible').then(cy.wrap);\n// Then clear its content, type new text, and click Bold button.\niframe.clear().type(\"Welcome ajay {ctrl+a}\");\ncy.get(\"button[title='Bold']\").click();",
              "err": {},
              "uuid": "9c2c26b9-a610-4804-9c4a-7796f333e1d8",
              "parentUUID": "fa62b173-c1c5-4b5b-afc6-ccb5d04b333d",
              "isHook": false,
              "skipped": false
            }
          ],
          "suites": [],
          "passes": [
            "93d9e1c3-7fcd-40e9-97f3-805729d6ef53",
            "9c2c26b9-a610-4804-9c4a-7796f333e1d8"
          ],
          "failures": [],
          "pending": [],
          "skipped": [],
          "duration": 7307,
          "root": false,
          "rootEmpty": false,
          "_timeout": 2000
        }
      ],
      "passes": [],
      "failures": [],
      "pending": [],
      "skipped": [],
      "duration": 0,
      "root": true,
      "rootEmpty": true,
      "_timeout": 2000
    }
  ],
  "meta": {
    "mocha": {
      "version": "7.0.1"
    },
    "mochawesome": {
      "options": {
        "quiet": false,
        "reportFilename": "mochawesome",
        "saveHtml": false,
        "saveJson": true,
        "consoleReporter": "spec",
        "useInlineDiffs": false,
        "code": true
      },
      "version": "7.1.3"
    },
    "marge": {
      "options": {
        "overwrite": false,
        "html": false,
        "json": true,
        "reportDir": "cypress/reports/html/.jsons"
      },
      "version": "6.2.0"
    }
  }
}