{
  "stats": {
    "suites": 1,
    "tests": 2,
    "passes": 2,
    "pending": 0,
    "failures": 0,
    "start": "2023-03-05T13:32:39.789Z",
    "end": "2023-03-05T13:32:57.014Z",
    "duration": 17225,
    "testsRegistered": 2,
    "passPercent": 100,
    "pendingPercent": 0,
    "other": 0,
    "hasOther": false,
    "skipped": 0,
    "hasSkipped": false
  },
  "results": [
    {
      "uuid": "c1a52a74-afc6-4b21-85c6-cdcb34121c32",
      "title": "",
      "fullFile": "cypress/e2e/Projects/basics/15-HTMLReports.cy.js",
      "file": "cypress/e2e/Projects/basics/15-HTMLReports.cy.js",
      "beforeHooks": [],
      "afterHooks": [],
      "tests": [],
      "suites": [
        {
          "uuid": "b5eb5a5d-7dc0-45ea-9ecc-05acead6b577",
          "title": "Test for HTML Report",
          "fullFile": "",
          "file": "",
          "beforeHooks": [],
          "afterHooks": [],
          "tests": [
            {
              "title": "selecting search bar",
              "fullTitle": "Test for HTML Report selecting search bar",
              "timedOut": null,
              "duration": 299,
              "state": "passed",
              "speed": "fast",
              "pass": true,
              "fail": false,
              "pending": false,
              "context": null,
              "code": "cy.log('*********Selecting search bar*********');",
              "err": {},
              "uuid": "e460e143-88a3-4b84-9ab5-54652600498a",
              "parentUUID": "b5eb5a5d-7dc0-45ea-9ecc-05acead6b577",
              "isHook": false,
              "skipped": false
            },
            {
              "title": "approch 1",
              "fullTitle": "Test for HTML Report approch 1",
              "timedOut": null,
              "duration": 9259,
              "state": "passed",
              "speed": "medium",
              "pass": true,
              "fail": false,
              "pending": false,
              "context": null,
              "code": "cy.visit('https://the-internet.herokuapp.com/iframe');\nconst iframe = cy.get('#mce_0_ifr').its('0.contentDocument.body').should('be.visible').then(cy.wrap);\n// Then clear its content, type new text, and click Bold button.\niframe.clear().type(\"Welcome ajay {ctrl+a}\");\ncy.get(\"button[title='Bold']\").click();",
              "err": {},
              "uuid": "01e61923-8f2b-4b02-a1dc-8a372711c27b",
              "parentUUID": "b5eb5a5d-7dc0-45ea-9ecc-05acead6b577",
              "isHook": false,
              "skipped": false
            }
          ],
          "suites": [],
          "passes": [
            "e460e143-88a3-4b84-9ab5-54652600498a",
            "01e61923-8f2b-4b02-a1dc-8a372711c27b"
          ],
          "failures": [],
          "pending": [],
          "skipped": [],
          "duration": 9558,
          "root": false,
          "rootEmpty": false,
          "_timeout": 2000
        }
      ],
      "passes": [],
      "failures": [],
      "pending": [],
      "skipped": [],
      "duration": 0,
      "root": true,
      "rootEmpty": true,
      "_timeout": 2000
    }
  ],
  "meta": {
    "mocha": {
      "version": "7.0.1"
    },
    "mochawesome": {
      "options": {
        "quiet": false,
        "reportFilename": "mochawesome",
        "saveHtml": false,
        "saveJson": true,
        "consoleReporter": "spec",
        "useInlineDiffs": false,
        "code": true
      },
      "version": "7.1.3"
    },
    "marge": {
      "options": {
        "overwrite": false,
        "html": false,
        "json": true,
        "reportDir": "cypress/reports/html/.jsons"
      },
      "version": "6.2.0"
    }
  }
}